<?xml version="1.0" encoding="UTF-8"?>
<!-- Generated by org.testng.reporters.JUnitXMLReporter -->
<testsuite hostname="CPU-30" name="Test case executin with multiclass" tests="6" failures="0" timestamp="29 Aug 2017 13:24:14 GMT" time="0.062" errors="0">
  <testcase name="method1" time="0.014" classname="com.testng.demos.SingleClassTest"/>
  <testcase name="method2" time="0.002" classname="com.testng.demos.SingleClassTest"/>
  <testcase name="method3" time="0.001" classname="com.testng.demos.SingleClassTest"/>
  <testcase name="method1" time="0.001" classname="com.testng.demos.TestScript_Grouping"/>
  <testcase name="method2" time="0.001" classname="com.testng.demos.TestScript_Grouping"/>
  <testcase name="method3" time="0.001" classname="com.testng.demos.TestScript_Grouping"/>
</testsuite> <!-- Test case executin with multiclass -->
