<?xml version="1.0" encoding="UTF-8"?>
<!-- Generated by org.testng.reporters.JUnitXMLReporter -->
<testsuite hostname="ICPL13449" name="Default test" tests="1" failures="1" timestamp="27 Jul 2019 09:10:02 GMT" time="48.201" errors="0">
  <testcase name="LaunchBrowser" time="48.181" classname="com.selenium.basic.MyDropDown">
    <failure type="org.openqa.selenium.WebDriverException" message="Failed to connect to binary FirefoxBinary(C:\Program Files\Mozilla Firefox\firefox.exe) on port 7055; process output follows: 
ija&amp;quot;,&amp;quot;description&amp;quot;:&amp;quot;VikipÄ“dija, brÄ«vÄ� enciklopÄ“dija&amp;quot;,&amp;quot;creator&amp;quot;:null,&amp;quot;developers&amp;quot;:null,&amp;quot;translators&amp;quot;:null,&amp;quot;contributors&amp;quot;:null,&amp;quot;locales&amp;quot;:[&amp;quot;lv&amp;quot;]},{&amp;quot;name&amp;quot;:&amp;quot;Biquipedia (an)&amp;quot;,&amp;quot;description&amp;quot;:&amp;quot;A enciclopedia Libre&amp;quot;,&amp;quot;creator&amp;quot;:null,&amp;quot;developers&amp;quot;:null,&amp;quot;translators&amp;quot;:null,&amp;quot;contributors&amp;quot;:null,&amp;quot;locales&amp;quot;:[&amp;quot;an&amp;quot;]}],&amp;quot;targetApplications&amp;quot;:[{&amp;quot;id&amp;quot;:&amp;quot;toolkit@mozilla.org&amp;quot;,&amp;quot;minVersion&amp;quot;:null,&amp;quot;maxVersion&amp;quot;:null}],&amp;quot;targetPlatforms&amp;quot;:[],&amp;quot;seen&amp;quot;:true,&amp;quot;dependencies&amp;quot;:[],&amp;quot;incognito&amp;quot;:&amp;quot;spanning&amp;quot;,&amp;quot;userPermissions&amp;quot;:{&amp;quot;permissions&amp;quot;:[],&amp;quot;origins&amp;quot;:[]},&amp;quot;icons&amp;quot;:{&amp;quot;16&amp;quot;:&amp;quot;favicon.ico&amp;quot;},&amp;quot;iconURL&amp;quot;:null,&amp;quot;blocklistState&amp;quot;:0,&amp;quot;blocklistURL&amp;quot;:null,&amp;quot;startupData&amp;quot;:null,&amp;quot;hidden&amp;quot;:true,&amp;quot;installTelemetryInfo&amp;quot;:null,&amp;quot;recommendationState&amp;quot;:null,&amp;quot;rootURI&amp;quot;:&amp;quot;resource://search-extensions/wikipedia/&amp;quot;,&amp;quot;location&amp;quot;:&amp;quot;app-builtin&amp;quot;}
1564218558994	addons.xpi	DEBUG	Loading bootstrap scope from resource://search-extensions/wikipedia/
1564218558995	addons.xpi	DEBUG	Calling bootstrap method install on wikipedia@search.mozilla.org version 1.0
1564218558995	addons.xpi	DEBUG	Calling bootstrap method startup on wikipedia@search.mozilla.org version 1.0
1564218587895	addons.xpi	DEBUG	Calling bootstrap method shutdown on wikipedia@search.mozilla.org version 1.0
1564218587896	addons.xpi	DEBUG	Calling bootstrap method shutdown on webcompat@mozilla.org version 4.3.2
1564218587901	addons.xpi	DEBUG	Calling bootstrap method shutdown on twitter@search.mozilla.org version 1.0
1564218587902	addons.xpi	DEBUG	Calling bootstrap method shutdown on screenshots@mozilla.org version 39.0.0
1564218587904	addons.xpi	DEBUG	Calling bootstrap method shutdown on google@search.mozilla.org version 1.0
1564218587905	addons.xpi	DEBUG	Calling bootstrap method shutdown on fxmonitor@mozilla.org version 3.0
1564218587909	addons.xpi	DEBUG	Calling bootstrap method shutdown on formautofill@mozilla.org version 1.0
1564218587911	addons.xpi	DEBUG	Calling bootstrap method shutdown on ebay@search.mozilla.org version 1.0
1564218587912	addons.xpi	DEBUG	Calling bootstrap method shutdown on default-theme@mozilla.org version 1.0
1564218587913	addons.xpi	DEBUG	Calling bootstrap method shutdown on ddg@search.mozilla.org version 1.0
1564218587914	addons.xpi	DEBUG	Calling bootstrap method shutdown on bing@search.mozilla.org version 1.0
1564218587915	addons.xpi	DEBUG	Calling bootstrap method shutdown on amazondotcom@search.mozilla.org version 1.1
[Parent 7608, Gecko_IOThread] WARNING: pipe error: 109: file z:/task_1563383129/build/src/ipc/chromium/src/chrome/common/ipc_channel_win.cc, line 341
[Child 30348, Chrome_ChildThread] WARNING: pipe error: 109: file z:/task_1563383129/build/src/ipc/chromium/src/chrome/common/ipc_channel_win.cc, line 341
[Child 30348, Chrome_ChildThread] WARNING: pipe error: 109: file z:/task_1563383[129/build/Child 22428, Chrome_ChildThread] WARNING: pipe error: 109: file z:/task_1563383129/build/src/ipc/chromium/src/chrome/common/ipc_channel_win.cc, line 341
[Child 22428, Chrome_ChildT[Parent 7608, Gecko_IOThread] WARNING: pipe error: 109: file z:/task_1563383129/build/src/ipc/chromium/src/chrome/common/ipc_channel_win.cc, line 341
[Child 12648, Chrome_ChildThread] WARNING: pipe error: 109: file z:/task_1563383129/build/src/ipc/chromium/src/chrome/common/ipc_channel_win.cc, line 341
[Child 12648, Chrome_Ch1564218588174	addons.manager	DEBUG	before shutdown
1564218588176	addons.manager	DEBUG	shutdown
1564218588178	addons.manager	DEBUG	Calling shutdown blocker for XPIProvider
1564218588178	addons.xpi	DEBUG	shutdown
1564218588178	addons.xpi-utils	DEBUG	shutdown
1564218588178	addons.manager	DEBUG	Calling shutdown blocker for GMPProvider
1564218588178	addons.manager	DEBUG	Calling shutdown blocker for PluginProvider
1564218588179	addons.manager	DEBUG	Async provider shutdown done
[GPU 24
###!!! [Child][RunMessage] Error: Channel closing: too late to send/recv, messages will be lost

376, Chrome_ChildThread] WARNING: pipe error: 109: file z:/task_1563383129/build/src/ipc/chromium/src/chrome/common/ipc_channel_win.cc, line 341

###!!! [Child][MessageChannel::SendAndWait] Error: Channel error: cannot send/recv


Build info: version: &amp;apos;2.45.0&amp;apos;, revision: &amp;apos;5017cb8&amp;apos;, time: &amp;apos;2015-02-26 23:59:50&amp;apos;
System info: host: &amp;apos;ICPL13449&amp;apos;, ip: &amp;apos;192.168.2.7&amp;apos;, os.name: &amp;apos;Windows 10&amp;apos;, os.arch: &amp;apos;amd64&amp;apos;, os.version: &amp;apos;10.0&amp;apos;, java.version: &amp;apos;1.8.0_202&amp;apos;
Driver info: driver.version: FirefoxDriver">
      <![CDATA[org.openqa.selenium.WebDriverException: Failed to connect to binary FirefoxBinary(C:\Program Files\Mozilla Firefox\firefox.exe) on port 7055; process output follows: 
ija","description":"VikipÄ“dija, brÄ«vÄ� enciklopÄ“dija","creator":null,"developers":null,"translators":null,"contributors":null,"locales":["lv"]},{"name":"Biquipedia (an)","description":"A enciclopedia Libre","creator":null,"developers":null,"translators":null,"contributors":null,"locales":["an"]}],"targetApplications":[{"id":"toolkit@mozilla.org","minVersion":null,"maxVersion":null}],"targetPlatforms":[],"seen":true,"dependencies":[],"incognito":"spanning","userPermissions":{"permissions":[],"origins":[]},"icons":{"16":"favicon.ico"},"iconURL":null,"blocklistState":0,"blocklistURL":null,"startupData":null,"hidden":true,"installTelemetryInfo":null,"recommendationState":null,"rootURI":"resource://search-extensions/wikipedia/","location":"app-builtin"}
1564218558994	addons.xpi	DEBUG	Loading bootstrap scope from resource://search-extensions/wikipedia/
1564218558995	addons.xpi	DEBUG	Calling bootstrap method install on wikipedia@search.mozilla.org version 1.0
1564218558995	addons.xpi	DEBUG	Calling bootstrap method startup on wikipedia@search.mozilla.org version 1.0
1564218587895	addons.xpi	DEBUG	Calling bootstrap method shutdown on wikipedia@search.mozilla.org version 1.0
1564218587896	addons.xpi	DEBUG	Calling bootstrap method shutdown on webcompat@mozilla.org version 4.3.2
1564218587901	addons.xpi	DEBUG	Calling bootstrap method shutdown on twitter@search.mozilla.org version 1.0
1564218587902	addons.xpi	DEBUG	Calling bootstrap method shutdown on screenshots@mozilla.org version 39.0.0
1564218587904	addons.xpi	DEBUG	Calling bootstrap method shutdown on google@search.mozilla.org version 1.0
1564218587905	addons.xpi	DEBUG	Calling bootstrap method shutdown on fxmonitor@mozilla.org version 3.0
1564218587909	addons.xpi	DEBUG	Calling bootstrap method shutdown on formautofill@mozilla.org version 1.0
1564218587911	addons.xpi	DEBUG	Calling bootstrap method shutdown on ebay@search.mozilla.org version 1.0
1564218587912	addons.xpi	DEBUG	Calling bootstrap method shutdown on default-theme@mozilla.org version 1.0
1564218587913	addons.xpi	DEBUG	Calling bootstrap method shutdown on ddg@search.mozilla.org version 1.0
1564218587914	addons.xpi	DEBUG	Calling bootstrap method shutdown on bing@search.mozilla.org version 1.0
1564218587915	addons.xpi	DEBUG	Calling bootstrap method shutdown on amazondotcom@search.mozilla.org version 1.1
[Parent 7608, Gecko_IOThread] WARNING: pipe error: 109: file z:/task_1563383129/build/src/ipc/chromium/src/chrome/common/ipc_channel_win.cc, line 341
[Child 30348, Chrome_ChildThread] WARNING: pipe error: 109: file z:/task_1563383129/build/src/ipc/chromium/src/chrome/common/ipc_channel_win.cc, line 341
[Child 30348, Chrome_ChildThread] WARNING: pipe error: 109: file z:/task_1563383[129/build/Child 22428, Chrome_ChildThread] WARNING: pipe error: 109: file z:/task_1563383129/build/src/ipc/chromium/src/chrome/common/ipc_channel_win.cc, line 341
[Child 22428, Chrome_ChildT[Parent 7608, Gecko_IOThread] WARNING: pipe error: 109: file z:/task_1563383129/build/src/ipc/chromium/src/chrome/common/ipc_channel_win.cc, line 341
[Child 12648, Chrome_ChildThread] WARNING: pipe error: 109: file z:/task_1563383129/build/src/ipc/chromium/src/chrome/common/ipc_channel_win.cc, line 341
[Child 12648, Chrome_Ch1564218588174	addons.manager	DEBUG	before shutdown
1564218588176	addons.manager	DEBUG	shutdown
1564218588178	addons.manager	DEBUG	Calling shutdown blocker for XPIProvider
1564218588178	addons.xpi	DEBUG	shutdown
1564218588178	addons.xpi-utils	DEBUG	shutdown
1564218588178	addons.manager	DEBUG	Calling shutdown blocker for GMPProvider
1564218588178	addons.manager	DEBUG	Calling shutdown blocker for PluginProvider
1564218588179	addons.manager	DEBUG	Async provider shutdown done
[GPU 24
###!!! [Child][RunMessage] Error: Channel closing: too late to send/recv, messages will be lost

376, Chrome_ChildThread] WARNING: pipe error: 109: file z:/task_1563383129/build/src/ipc/chromium/src/chrome/common/ipc_channel_win.cc, line 341

###!!! [Child][MessageChannel::SendAndWait] Error: Channel error: cannot send/recv


Build info: version: '2.45.0', revision: '5017cb8', time: '2015-02-26 23:59:50'
System info: host: 'ICPL13449', ip: '192.168.2.7', os.name: 'Windows 10', os.arch: 'amd64', os.version: '10.0', java.version: '1.8.0_202'
Driver info: driver.version: FirefoxDriver
	at org.openqa.selenium.firefox.internal.NewProfileExtensionConnection.start(NewProfileExtensionConnection.java:130)
	at org.openqa.selenium.firefox.FirefoxDriver.startClient(FirefoxDriver.java:246)
	at org.openqa.selenium.remote.RemoteWebDriver.<init>(RemoteWebDriver.java:114)
	at org.openqa.selenium.firefox.FirefoxDriver.<init>(FirefoxDriver.java:193)
	at org.openqa.selenium.firefox.FirefoxDriver.<init>(FirefoxDriver.java:186)
	at org.openqa.selenium.firefox.FirefoxDriver.<init>(FirefoxDriver.java:182)
	at org.openqa.selenium.firefox.FirefoxDriver.<init>(FirefoxDriver.java:95)
	at com.selenium.basic.MyDropDown.LaunchBrowser(MyDropDown.java:25)
	at sun.reflect.NativeMethodAccessorImpl.invoke0(Native Method)
	at sun.reflect.NativeMethodAccessorImpl.invoke(Unknown Source)
	at sun.reflect.DelegatingMethodAccessorImpl.invoke(Unknown Source)
	at java.lang.reflect.Method.invoke(Unknown Source)
	at org.testng.internal.MethodInvocationHelper.invokeMethod(MethodInvocationHelper.java:84)
	at org.testng.internal.Invoker.invokeMethod(Invoker.java:714)
	at org.testng.internal.Invoker.invokeTestMethod(Invoker.java:901)
	at org.testng.internal.Invoker.invokeTestMethods(Invoker.java:1231)
	at org.testng.internal.TestMethodWorker.invokeTestMethods(TestMethodWorker.java:127)
	at org.testng.internal.TestMethodWorker.run(TestMethodWorker.java:111)
	at org.testng.TestRunner.privateRun(TestRunner.java:767)
	at org.testng.TestRunner.run(TestRunner.java:617)
	at org.testng.SuiteRunner.runTest(SuiteRunner.java:334)
	at org.testng.SuiteRunner.runSequentially(SuiteRunner.java:329)
	at org.testng.SuiteRunner.privateRun(SuiteRunner.java:291)
	at org.testng.SuiteRunner.run(SuiteRunner.java:240)
	at org.testng.SuiteRunnerWorker.runSuite(SuiteRunnerWorker.java:52)
	at org.testng.SuiteRunnerWorker.run(SuiteRunnerWorker.java:86)
	at org.testng.TestNG.runSuitesSequentially(TestNG.java:1224)
	at org.testng.TestNG.runSuitesLocally(TestNG.java:1149)
	at org.testng.TestNG.run(TestNG.java:1057)
	at org.testng.remote.AbstractRemoteTestNG.run(AbstractRemoteTestNG.java:114)
	at org.testng.remote.RemoteTestNG.initAndRun(RemoteTestNG.java:251)
	at org.testng.remote.RemoteTestNG.main(RemoteTestNG.java:77)
Caused by: org.openqa.selenium.firefox.NotConnectedException: Unable to connect to host 127.0.0.1 on port 7055 after 45000 ms. Firefox console output:
ija","description":"VikipÄ“dija, brÄ«vÄ� enciklopÄ“dija","creator":null,"developers":null,"translators":null,"contributors":null,"locales":["lv"]},{"name":"Biquipedia (an)","description":"A enciclopedia Libre","creator":null,"developers":null,"translators":null,"contributors":null,"locales":["an"]}],"targetApplications":[{"id":"toolkit@mozilla.org","minVersion":null,"maxVersion":null}],"targetPlatforms":[],"seen":true,"dependencies":[],"incognito":"spanning","userPermissions":{"permissions":[],"origins":[]},"icons":{"16":"favicon.ico"},"iconURL":null,"blocklistState":0,"blocklistURL":null,"startupData":null,"hidden":true,"installTelemetryInfo":null,"recommendationState":null,"rootURI":"resource://search-extensions/wikipedia/","location":"app-builtin"}
1564218558994	addons.xpi	DEBUG	Loading bootstrap scope from resource://search-extensions/wikipedia/
1564218558995	addons.xpi	DEBUG	Calling bootstrap method install on wikipedia@search.mozilla.org version 1.0
1564218558995	addons.xpi	DEBUG	Calling bootstrap method startup on wikipedia@search.mozilla.org version 1.0
1564218587895	addons.xpi	DEBUG	Calling bootstrap method shutdown on wikipedia@search.mozilla.org version 1.0
1564218587896	addons.xpi	DEBUG	Calling bootstrap method shutdown on webcompat@mozilla.org version 4.3.2
1564218587901	addons.xpi	DEBUG	Calling bootstrap method shutdown on twitter@search.mozilla.org version 1.0
1564218587902	addons.xpi	DEBUG	Calling bootstrap method shutdown on screenshots@mozilla.org version 39.0.0
1564218587904	addons.xpi	DEBUG	Calling bootstrap method shutdown on google@search.mozilla.org version 1.0
1564218587905	addons.xpi	DEBUG	Calling bootstrap method shutdown on fxmonitor@mozilla.org version 3.0
1564218587909	addons.xpi	DEBUG	Calling bootstrap method shutdown on formautofill@mozilla.org version 1.0
1564218587911	addons.xpi	DEBUG	Calling bootstrap method shutdown on ebay@search.mozilla.org version 1.0
1564218587912	addons.xpi	DEBUG	Calling bootstrap method shutdown on default-theme@mozilla.org version 1.0
1564218587913	addons.xpi	DEBUG	Calling bootstrap method shutdown on ddg@search.mozilla.org version 1.0
1564218587914	addons.xpi	DEBUG	Calling bootstrap method shutdown on bing@search.mozilla.org version 1.0
1564218587915	addons.xpi	DEBUG	Calling bootstrap method shutdown on amazondotcom@search.mozilla.org version 1.1
[Parent 7608, Gecko_IOThread] WARNING: pipe error: 109: file z:/task_1563383129/build/src/ipc/chromium/src/chrome/common/ipc_channel_win.cc, line 341
[Child 30348, Chrome_ChildThread] WARNING: pipe error: 109: file z:/task_1563383129/build/src/ipc/chromium/src/chrome/common/ipc_channel_win.cc, line 341
[Child 30348, Chrome_ChildThread] WARNING: pipe error: 109: file z:/task_1563383[129/build/Child 22428, Chrome_ChildThread] WARNING: pipe error: 109: file z:/task_1563383129/build/src/ipc/chromium/src/chrome/common/ipc_channel_win.cc, line 341
[Child 22428, Chrome_ChildT[Parent 7608, Gecko_IOThread] WARNING: pipe error: 109: file z:/task_1563383129/build/src/ipc/chromium/src/chrome/common/ipc_channel_win.cc, line 341
[Child 12648, Chrome_ChildThread] WARNING: pipe error: 109: file z:/task_1563383129/build/src/ipc/chromium/src/chrome/common/ipc_channel_win.cc, line 341
[Child 12648, Chrome_Ch1564218588174	addons.manager	DEBUG	before shutdown
1564218588176	addons.manager	DEBUG	shutdown
1564218588178	addons.manager	DEBUG	Calling shutdown blocker for XPIProvider
1564218588178	addons.xpi	DEBUG	shutdown
1564218588178	addons.xpi-utils	DEBUG	shutdown
1564218588178	addons.manager	DEBUG	Calling shutdown blocker for GMPProvider
1564218588178	addons.manager	DEBUG	Calling shutdown blocker for PluginProvider
1564218588179	addons.manager	DEBUG	Async provider shutdown done
[GPU 24
###!!! [Child][RunMessage] Error: Channel closing: too late to send/recv, messages will be lost

376, Chrome_ChildThread] WARNING: pipe error: 109: file z:/task_1563383129/build/src/ipc/chromium/src/chrome/common/ipc_channel_win.cc, line 341

###!!! [Child][MessageChannel::SendAndWait] Error: Channel error: cannot send/recv


	at org.openqa.selenium.firefox.internal.NewProfileExtensionConnection.start(NewProfileExtensionConnection.java:118)
	... 31 more
]]>
    </failure>
  </testcase> <!-- LaunchBrowser -->
</testsuite> <!-- Default test -->
