<?xml version="1.0" encoding="UTF-8"?>
<!-- Generated by org.testng.reporters.JUnitXMLReporter -->
<testsuite hostname="CPU-30" name="Cross Browser Testing " tests="1" failures="1" timestamp="16 May 2017 13:05:48 GMT" time="19.833" errors="0">
  <testcase name="OpenBrowser" time="4.726" classname="com.testScripts.loginTestScript">
    <failure type="java.lang.NullPointerException">
      <![CDATA[java.lang.NullPointerException
	at com.testScripts.loginTestScript.OpenBrowser(loginTestScript.java:26)
... Removed 24 stack frames]]>
    </failure>
  </testcase> <!-- OpenBrowser -->
</testsuite> <!-- Cross Browser Testing  -->
