<?xml version="1.0" encoding="UTF-8"?>
<!-- Generated by org.testng.reporters.JUnitXMLReporter -->
<testsuite hostname="CPU-30" name="Verification with valid credential" tests="3" failures="0" timestamp="29 Aug 2017 11:04:07 GMT" time="0.043" errors="0">
  <testcase name="method1" time="0.022" classname="com.testng.demos.TestScript_Grouping"/>
  <testcase name="method2" time="0.001" classname="com.testng.demos.TestScript_Grouping"/>
  <testcase name="method3" time="0.0" classname="com.testng.demos.TestScript_Grouping"/>
</testsuite> <!-- Verification with valid credential -->
